<?xml version="1.0" encoding="UTF-8"?>
<testng-results ignored="0" total="1" passed="1" failed="0" skipped="0">
  <reporter-output>
  </reporter-output>
  <suite started-at="2025-08-31T19:45:52 IST" name="Default suite" finished-at="2025-08-31T19:45:58 IST" duration-ms="5907">
    <groups>
    </groups>
    <test started-at="2025-08-31T19:45:52 IST" name="Default test" finished-at="2025-08-31T19:45:58 IST" duration-ms="5907">
      <class name="TestFile.HomePageTest">
        <test-method signature="HomePageTest()[pri:0, instance:TestFile.HomePageTest@145f66e3]" started-at="2025-08-31T19:45:52 IST" name="HomePageTest" finished-at="2025-08-31T19:45:58 IST" duration-ms="5884" status="PASS">
          <reporter-output>
          </reporter-output>
        </test-method> <!-- HomePageTest -->
      </class> <!-- TestFile.HomePageTest -->
    </test> <!-- Default test -->
  </suite> <!-- Default suite -->
</testng-results>
